
**** Build of configuration Debug for project ExtraCreditDebouncing ****

"C:\\ti\\ccsv7\\utils\\bin\\gmake" -k -j 4 all -O 
'Building file: ../main.c'
'Invoking: MSP430 Compiler'
"C:/ti/ccsv7/tools/compiler/ti-cgt-msp430_16.9.4.LTS/bin/cl430" -vmspx --data_model=restricted --use_hw_mpy=F5 --include_path="C:/ti/ccsv7/ccs_base/msp430/include" --include_path="C:/Users/Philip/Documents/Embedded/lab-4-timers-and-pwm-phillyq22/Debouncing/DebouncingG2553/ExtraCreditDebouncing" --include_path="C:/ti/ccsv7/tools/compiler/ti-cgt-msp430_16.9.4.LTS/include" --advice:power=all --advice:hw_config=all --define=__MSP430FR6989__ --define=_MPU_ENABLE -g --printf_support=minimal --diag_warning=225 --diag_wrap=off --display_error_number --silicon_errata=CPU21 --silicon_errata=CPU22 --silicon_errata=CPU40 --preproc_with_compile --preproc_dependency="main.d"  "../main.c"

>> Compilation failure
subdir_rules.mk:9: recipe for target 'main.obj' failed
"../main.c", line 15: error #20: identifier "P9IE" is undefined
"../main.c", line 16: error #20: identifier "P9IES" is undefined
"../main.c", line 22: error #20: identifier "P9IFG" is undefined
"../main.c", line 47: error #20: identifier "P9IE" is undefined
"../main.c", line 73: warning #2580-D: pragma vector= accepts numeric arguments or "unused_interrupts" but not PORT9_VECTOR
"../main.c", line 77: error #20: identifier "P9IE" is undefined
"../main.c", line 80: error #20: identifier "P9IFG" is undefined
6 errors detected in the compilation of "../main.c".
gmake: *** [main.obj] Error 1
gmake: Target 'all' not remade because of errors.

**** Build Finished ****

**** Build of configuration Debug for project ExtraCreditDebouncing ****

"C:\\ti\\ccsv7\\utils\\bin\\gmake" -k -j 4 all -O 
'Building file: ../main.c'
'Invoking: MSP430 Compiler'
"C:/ti/ccsv7/tools/compiler/ti-cgt-msp430_16.9.4.LTS/bin/cl430" -vmspx --data_model=restricted --use_hw_mpy=F5 --include_path="C:/ti/ccsv7/ccs_base/msp430/include" --include_path="C:/Users/Philip/Documents/Embedded/lab-4-timers-and-pwm-phillyq22/Debouncing/DebouncingG2553/ExtraCreditDebouncing" --include_path="C:/ti/ccsv7/tools/compiler/ti-cgt-msp430_16.9.4.LTS/include" --advice:power=all --advice:hw_config=all --define=__MSP430FR6989__ --define=_MPU_ENABLE -g --printf_support=minimal --diag_warning=225 --diag_wrap=off --display_error_number --silicon_errata=CPU21 --silicon_errata=CPU22 --silicon_errata=CPU40 --preproc_with_compile --preproc_dependency="main.d"  "../main.c"

>> Compilation failure
subdir_rules.mk:9: recipe for target 'main.obj' failed
"../main.c", line 74: error #249: function "Port_1" has already been defined
1 error detected in the compilation of "../main.c".
gmake: *** [main.obj] Error 1
gmake: Target 'all' not remade because of errors.

**** Build Finished ****

**** Build of configuration Debug for project ExtraCreditDebouncing ****

"C:\\ti\\ccsv7\\utils\\bin\\gmake" -k -j 4 all -O 
'Building file: ../main.c'
'Invoking: MSP430 Compiler'
"C:/ti/ccsv7/tools/compiler/ti-cgt-msp430_16.9.4.LTS/bin/cl430" -vmspx --data_model=restricted --use_hw_mpy=F5 --include_path="C:/ti/ccsv7/ccs_base/msp430/include" --include_path="C:/Users/Philip/Documents/Embedded/lab-4-timers-and-pwm-phillyq22/Debouncing/DebouncingG2553/ExtraCreditDebouncing" --include_path="C:/ti/ccsv7/tools/compiler/ti-cgt-msp430_16.9.4.LTS/include" --advice:power=all --advice:hw_config=all --define=__MSP430FR6989__ --define=_MPU_ENABLE -g --printf_support=minimal --diag_warning=225 --diag_wrap=off --display_error_number --silicon_errata=CPU21 --silicon_errata=CPU22 --silicon_errata=CPU40 --preproc_with_compile --preproc_dependency="main.d"  "../main.c"

>> Compilation failure
subdir_rules.mk:9: recipe for target 'main.obj' failed
"../main.c", line 74: error #249: function "Port_1" has already been defined
1 error detected in the compilation of "../main.c".
gmake: *** [main.obj] Error 1
gmake: Target 'all' not remade because of errors.

**** Build Finished ****

**** Build of configuration Debug for project ExtraCreditDebouncing ****

"C:\\ti\\ccsv7\\utils\\bin\\gmake" -k -j 4 all -O 
'Building file: ../main.c'
'Invoking: MSP430 Compiler'
"C:/ti/ccsv7/tools/compiler/ti-cgt-msp430_16.9.4.LTS/bin/cl430" -vmspx --data_model=restricted --use_hw_mpy=F5 --include_path="C:/ti/ccsv7/ccs_base/msp430/include" --include_path="C:/Users/Philip/Documents/Embedded/lab-4-timers-and-pwm-phillyq22/Debouncing/DebouncingG2553/ExtraCreditDebouncing" --include_path="C:/ti/ccsv7/tools/compiler/ti-cgt-msp430_16.9.4.LTS/include" --advice:power=all --advice:hw_config=all --define=__MSP430FR6989__ --define=_MPU_ENABLE -g --printf_support=minimal --diag_warning=225 --diag_wrap=off --display_error_number --silicon_errata=CPU21 --silicon_errata=CPU22 --silicon_errata=CPU40 --preproc_with_compile --preproc_dependency="main.d"  "../main.c"
'Finished building: ../main.c'
' '
'Building target: ExtraCreditDebouncing.out'
'Invoking: MSP430 Linker'
"C:/ti/ccsv7/tools/compiler/ti-cgt-msp430_16.9.4.LTS/bin/cl430" -vmspx --data_model=restricted --use_hw_mpy=F5 --advice:power=all --advice:hw_config=all --define=__MSP430FR6989__ --define=_MPU_ENABLE -g --printf_support=minimal --diag_warning=225 --diag_wrap=off --display_error_number --silicon_errata=CPU21 --silicon_errata=CPU22 --silicon_errata=CPU40 -z -m"ExtraCreditDebouncing.map" --heap_size=160 --stack_size=160 --cinit_hold_wdt=on -i"C:/ti/ccsv7/ccs_base/msp430/include" -i"C:/ti/ccsv7/ccs_base/msp430/lib/5xx_6xx_FRxx" -i"C:/ti/ccsv7/ccs_base/msp430/lib/FR59xx" -i"C:/ti/ccsv7/tools/compiler/ti-cgt-msp430_16.9.4.LTS/lib" -i"C:/ti/ccsv7/tools/compiler/ti-cgt-msp430_16.9.4.LTS/include" --priority --reread_libs --define=_MPU_ENABLE --diag_wrap=off --display_error_number --warn_sections --xml_link_info="ExtraCreditDebouncing_linkInfo.xml" --use_hw_mpy=F5 --rom_model -o "ExtraCreditDebouncing.out" "./main.obj" "../lnk_msp430fr6989.cmd"  -llibmpu_init.a -llibmath.a -llibc.a 
<Linking>
remark #10372-D: (ULP 4.1) Detected uninitialized Port A in this project. Recommend initializing all unused ports to eliminate wasted current consumption on unused pins.
remark #10372-D: (ULP 4.1) Detected uninitialized Port B in this project. Recommend initializing all unused ports to eliminate wasted current consumption on unused pins.
remark #10372-D: (ULP 4.1) Detected uninitialized Port C in this project. Recommend initializing all unused ports to eliminate wasted current consumption on unused pins.
remark #10372-D: (ULP 4.1) Detected uninitialized Port D in this project. Recommend initializing all unused ports to eliminate wasted current consumption on unused pins.
remark #10372-D: (ULP 4.1) Detected uninitialized Port E in this project. Recommend initializing all unused ports to eliminate wasted current consumption on unused pins.
'Finished building target: ExtraCreditDebouncing.out'
' '

**** Build Finished ****

**** Build of configuration Debug for project ExtraCreditDebouncing ****

"C:\\ti\\ccsv7\\utils\\bin\\gmake" -k -j 4 all -O 
'Building file: ../main.c'
'Invoking: MSP430 Compiler'
"C:/ti/ccsv7/tools/compiler/ti-cgt-msp430_16.9.4.LTS/bin/cl430" -vmspx --data_model=restricted --use_hw_mpy=F5 --include_path="C:/ti/ccsv7/ccs_base/msp430/include" --include_path="C:/Users/Philip/Documents/Embedded/lab-4-timers-and-pwm-phillyq22/Debouncing/DebouncingG2553/ExtraCreditDebouncing" --include_path="C:/ti/ccsv7/tools/compiler/ti-cgt-msp430_16.9.4.LTS/include" --advice:power=all --advice:hw_config=all --define=__MSP430FR6989__ --define=_MPU_ENABLE -g --printf_support=minimal --diag_warning=225 --diag_wrap=off --display_error_number --silicon_errata=CPU21 --silicon_errata=CPU22 --silicon_errata=CPU40 --preproc_with_compile --preproc_dependency="main.d"  "../main.c"
'Finished building: ../main.c'
' '
'Building target: ExtraCreditDebouncing.out'
'Invoking: MSP430 Linker'
"C:/ti/ccsv7/tools/compiler/ti-cgt-msp430_16.9.4.LTS/bin/cl430" -vmspx --data_model=restricted --use_hw_mpy=F5 --advice:power=all --advice:hw_config=all --define=__MSP430FR6989__ --define=_MPU_ENABLE -g --printf_support=minimal --diag_warning=225 --diag_wrap=off --display_error_number --silicon_errata=CPU21 --silicon_errata=CPU22 --silicon_errata=CPU40 -z -m"ExtraCreditDebouncing.map" --heap_size=160 --stack_size=160 --cinit_hold_wdt=on -i"C:/ti/ccsv7/ccs_base/msp430/include" -i"C:/ti/ccsv7/ccs_base/msp430/lib/5xx_6xx_FRxx" -i"C:/ti/ccsv7/ccs_base/msp430/lib/FR59xx" -i"C:/ti/ccsv7/tools/compiler/ti-cgt-msp430_16.9.4.LTS/lib" -i"C:/ti/ccsv7/tools/compiler/ti-cgt-msp430_16.9.4.LTS/include" --priority --reread_libs --define=_MPU_ENABLE --diag_wrap=off --display_error_number --warn_sections --xml_link_info="ExtraCreditDebouncing_linkInfo.xml" --use_hw_mpy=F5 --rom_model -o "ExtraCreditDebouncing.out" "./main.obj" "../lnk_msp430fr6989.cmd"  -llibmpu_init.a -llibmath.a -llibc.a 
<Linking>
remark #10372-D: (ULP 4.1) Detected uninitialized Port A in this project. Recommend initializing all unused ports to eliminate wasted current consumption on unused pins.
remark #10372-D: (ULP 4.1) Detected uninitialized Port B in this project. Recommend initializing all unused ports to eliminate wasted current consumption on unused pins.
remark #10372-D: (ULP 4.1) Detected uninitialized Port C in this project. Recommend initializing all unused ports to eliminate wasted current consumption on unused pins.
remark #10372-D: (ULP 4.1) Detected uninitialized Port D in this project. Recommend initializing all unused ports to eliminate wasted current consumption on unused pins.
remark #10372-D: (ULP 4.1) Detected uninitialized Port E in this project. Recommend initializing all unused ports to eliminate wasted current consumption on unused pins.
'Finished building target: ExtraCreditDebouncing.out'
' '

**** Build Finished ****

**** Build of configuration Debug for project ExtraCreditDebouncing ****

"C:\\ti\\ccsv7\\utils\\bin\\gmake" -k -j 4 all -O 
'Building file: ../main.c'
'Invoking: MSP430 Compiler'
"C:/ti/ccsv7/tools/compiler/ti-cgt-msp430_16.9.4.LTS/bin/cl430" -vmspx --data_model=restricted --use_hw_mpy=F5 --include_path="C:/ti/ccsv7/ccs_base/msp430/include" --include_path="C:/Users/Philip/Documents/Embedded/lab-4-timers-and-pwm-phillyq22/Debouncing/DebouncingG2553/ExtraCreditDebouncing" --include_path="C:/ti/ccsv7/tools/compiler/ti-cgt-msp430_16.9.4.LTS/include" --advice:power=all --advice:hw_config=all --define=__MSP430FR6989__ --define=_MPU_ENABLE -g --printf_support=minimal --diag_warning=225 --diag_wrap=off --display_error_number --silicon_errata=CPU21 --silicon_errata=CPU22 --silicon_errata=CPU40 --preproc_with_compile --preproc_dependency="main.d"  "../main.c"
'Finished building: ../main.c'
' '
'Building target: ExtraCreditDebouncing.out'
'Invoking: MSP430 Linker'
"C:/ti/ccsv7/tools/compiler/ti-cgt-msp430_16.9.4.LTS/bin/cl430" -vmspx --data_model=restricted --use_hw_mpy=F5 --advice:power=all --advice:hw_config=all --define=__MSP430FR6989__ --define=_MPU_ENABLE -g --printf_support=minimal --diag_warning=225 --diag_wrap=off --display_error_number --silicon_errata=CPU21 --silicon_errata=CPU22 --silicon_errata=CPU40 -z -m"ExtraCreditDebouncing.map" --heap_size=160 --stack_size=160 --cinit_hold_wdt=on -i"C:/ti/ccsv7/ccs_base/msp430/include" -i"C:/ti/ccsv7/ccs_base/msp430/lib/5xx_6xx_FRxx" -i"C:/ti/ccsv7/ccs_base/msp430/lib/FR59xx" -i"C:/ti/ccsv7/tools/compiler/ti-cgt-msp430_16.9.4.LTS/lib" -i"C:/ti/ccsv7/tools/compiler/ti-cgt-msp430_16.9.4.LTS/include" --priority --reread_libs --define=_MPU_ENABLE --diag_wrap=off --display_error_number --warn_sections --xml_link_info="ExtraCreditDebouncing_linkInfo.xml" --use_hw_mpy=F5 --rom_model -o "ExtraCreditDebouncing.out" "./main.obj" "../lnk_msp430fr6989.cmd"  -llibmpu_init.a -llibmath.a -llibc.a 
<Linking>
remark #10372-D: (ULP 4.1) Detected uninitialized Port A in this project. Recommend initializing all unused ports to eliminate wasted current consumption on unused pins.
remark #10372-D: (ULP 4.1) Detected uninitialized Port B in this project. Recommend initializing all unused ports to eliminate wasted current consumption on unused pins.
remark #10372-D: (ULP 4.1) Detected uninitialized Port C in this project. Recommend initializing all unused ports to eliminate wasted current consumption on unused pins.
remark #10372-D: (ULP 4.1) Detected uninitialized Port D in this project. Recommend initializing all unused ports to eliminate wasted current consumption on unused pins.
remark #10372-D: (ULP 4.1) Detected uninitialized Port E in this project. Recommend initializing all unused ports to eliminate wasted current consumption on unused pins.
'Finished building target: ExtraCreditDebouncing.out'
' '

**** Build Finished ****

**** Build of configuration Debug for project ExtraCreditDebouncing ****

"C:\\ti\\ccsv7\\utils\\bin\\gmake" -k -j 4 all -O 
'Building file: ../main.c'
'Invoking: MSP430 Compiler'
"C:/ti/ccsv7/tools/compiler/ti-cgt-msp430_16.9.4.LTS/bin/cl430" -vmspx --data_model=restricted --use_hw_mpy=F5 --include_path="C:/ti/ccsv7/ccs_base/msp430/include" --include_path="C:/Users/Philip/Documents/Embedded/lab-4-timers-and-pwm-phillyq22/Debouncing/DebouncingG2553/ExtraCreditDebouncing" --include_path="C:/ti/ccsv7/tools/compiler/ti-cgt-msp430_16.9.4.LTS/include" --advice:power=all --advice:hw_config=all --define=__MSP430FR6989__ --define=_MPU_ENABLE -g --printf_support=minimal --diag_warning=225 --diag_wrap=off --display_error_number --silicon_errata=CPU21 --silicon_errata=CPU22 --silicon_errata=CPU40 --preproc_with_compile --preproc_dependency="main.d"  "../main.c"
'Finished building: ../main.c'
' '
'Building target: ExtraCreditDebouncing.out'
'Invoking: MSP430 Linker'
"C:/ti/ccsv7/tools/compiler/ti-cgt-msp430_16.9.4.LTS/bin/cl430" -vmspx --data_model=restricted --use_hw_mpy=F5 --advice:power=all --advice:hw_config=all --define=__MSP430FR6989__ --define=_MPU_ENABLE -g --printf_support=minimal --diag_warning=225 --diag_wrap=off --display_error_number --silicon_errata=CPU21 --silicon_errata=CPU22 --silicon_errata=CPU40 -z -m"ExtraCreditDebouncing.map" --heap_size=160 --stack_size=160 --cinit_hold_wdt=on -i"C:/ti/ccsv7/ccs_base/msp430/include" -i"C:/ti/ccsv7/ccs_base/msp430/lib/5xx_6xx_FRxx" -i"C:/ti/ccsv7/ccs_base/msp430/lib/FR59xx" -i"C:/ti/ccsv7/tools/compiler/ti-cgt-msp430_16.9.4.LTS/lib" -i"C:/ti/ccsv7/tools/compiler/ti-cgt-msp430_16.9.4.LTS/include" --priority --reread_libs --define=_MPU_ENABLE --diag_wrap=off --display_error_number --warn_sections --xml_link_info="ExtraCreditDebouncing_linkInfo.xml" --use_hw_mpy=F5 --rom_model -o "ExtraCreditDebouncing.out" "./main.obj" "../lnk_msp430fr6989.cmd"  -llibmpu_init.a -llibmath.a -llibc.a 
<Linking>
remark #10372-D: (ULP 4.1) Detected uninitialized Port A in this project. Recommend initializing all unused ports to eliminate wasted current consumption on unused pins.
remark #10372-D: (ULP 4.1) Detected uninitialized Port B in this project. Recommend initializing all unused ports to eliminate wasted current consumption on unused pins.
remark #10372-D: (ULP 4.1) Detected uninitialized Port C in this project. Recommend initializing all unused ports to eliminate wasted current consumption on unused pins.
remark #10372-D: (ULP 4.1) Detected uninitialized Port D in this project. Recommend initializing all unused ports to eliminate wasted current consumption on unused pins.
remark #10372-D: (ULP 4.1) Detected uninitialized Port E in this project. Recommend initializing all unused ports to eliminate wasted current consumption on unused pins.
'Finished building target: ExtraCreditDebouncing.out'
' '

**** Build Finished ****
